ARM GAS  C:\Users\W_LINU~1\AppData\Local\Temp\ccsxcEqT.s 			page 1


   1              		.cpu cortex-m0plus
   2              		.arch armv6s-m
   3              		.fpu softvfp
   4              		.eabi_attribute 20, 1
   5              		.eabi_attribute 21, 1
   6              		.eabi_attribute 23, 3
   7              		.eabi_attribute 24, 1
   8              		.eabi_attribute 25, 1
   9              		.eabi_attribute 26, 1
  10              		.eabi_attribute 30, 1
  11              		.eabi_attribute 34, 0
  12              		.eabi_attribute 18, 4
  13              		.file	"stm32g0xx_hal_tim_ex.c"
  14              		.text
  15              	.Ltext0:
  16              		.cfi_sections	.debug_frame
  17              		.file 1 "Drivers/STM32G0xx_HAL_Driver/Src/stm32g0xx_hal_tim_ex.c"
  18              	.Letext0:
  19              		.file 2 "f:\\vscode-for-stm32\\gcc\\12.2-mpacbti-bet1\\arm-none-eabi\\include\\machine\\_default_t
  20              		.file 3 "f:\\vscode-for-stm32\\gcc\\12.2-mpacbti-bet1\\arm-none-eabi\\include\\sys\\_stdint.h"
  21              		.file 4 "Drivers/STM32G0xx_HAL_Driver/Inc/stm32g0xx_ll_dma.h"
ARM GAS  C:\Users\W_LINU~1\AppData\Local\Temp\ccsxcEqT.s 			page 2


DEFINED SYMBOLS
                            *ABS*:00000000 stm32g0xx_hal_tim_ex.c

NO UNDEFINED SYMBOLS
