ARM GAS  C:\Users\W_LINU~1\AppData\Local\Temp\cco4N9iT.s 			page 1


   1              		.cpu cortex-m0plus
   2              		.arch armv6s-m
   3              		.fpu softvfp
   4              		.eabi_attribute 20, 1
   5              		.eabi_attribute 21, 1
   6              		.eabi_attribute 23, 3
   7              		.eabi_attribute 24, 1
   8              		.eabi_attribute 25, 1
   9              		.eabi_attribute 26, 1
  10              		.eabi_attribute 30, 1
  11              		.eabi_attribute 34, 0
  12              		.eabi_attribute 18, 4
  13              		.file	"stm32g0xx_hal_msp.c"
  14              		.text
  15              	.Ltext0:
  16              		.cfi_sections	.debug_frame
  17              		.file 1 "Core/Src/stm32g0xx_hal_msp.c"
  18              		.section	.text.HAL_MspInit,"ax",%progbits
  19              		.align	1
  20              		.global	HAL_MspInit
  21              		.syntax unified
  22              		.code	16
  23              		.thumb_func
  25              	HAL_MspInit:
  26              	.LFB290:
   1:Core/Src/stm32g0xx_hal_msp.c **** /* USER CODE BEGIN Header */
   2:Core/Src/stm32g0xx_hal_msp.c **** /**
   3:Core/Src/stm32g0xx_hal_msp.c ****   ******************************************************************************
   4:Core/Src/stm32g0xx_hal_msp.c ****   * @file         stm32g0xx_hal_msp.c
   5:Core/Src/stm32g0xx_hal_msp.c ****   * @brief        This file provides code for the MSP Initialization
   6:Core/Src/stm32g0xx_hal_msp.c ****   *               and de-Initialization codes.
   7:Core/Src/stm32g0xx_hal_msp.c ****   ******************************************************************************
   8:Core/Src/stm32g0xx_hal_msp.c ****   * @attention
   9:Core/Src/stm32g0xx_hal_msp.c ****   *
  10:Core/Src/stm32g0xx_hal_msp.c ****   * Copyright (c) 2022 STMicroelectronics.
  11:Core/Src/stm32g0xx_hal_msp.c ****   * All rights reserved.
  12:Core/Src/stm32g0xx_hal_msp.c ****   *
  13:Core/Src/stm32g0xx_hal_msp.c ****   * This software is licensed under terms that can be found in the LICENSE file
  14:Core/Src/stm32g0xx_hal_msp.c ****   * in the root directory of this software component.
  15:Core/Src/stm32g0xx_hal_msp.c ****   * If no LICENSE file comes with this software, it is provided AS-IS.
  16:Core/Src/stm32g0xx_hal_msp.c ****   *
  17:Core/Src/stm32g0xx_hal_msp.c ****   ******************************************************************************
  18:Core/Src/stm32g0xx_hal_msp.c ****   */
  19:Core/Src/stm32g0xx_hal_msp.c **** /* USER CODE END Header */
  20:Core/Src/stm32g0xx_hal_msp.c **** 
  21:Core/Src/stm32g0xx_hal_msp.c **** /* Includes ------------------------------------------------------------------*/
  22:Core/Src/stm32g0xx_hal_msp.c **** #include "main.h"
  23:Core/Src/stm32g0xx_hal_msp.c **** /* USER CODE BEGIN Includes */
  24:Core/Src/stm32g0xx_hal_msp.c **** 
  25:Core/Src/stm32g0xx_hal_msp.c **** /* USER CODE END Includes */
  26:Core/Src/stm32g0xx_hal_msp.c **** 
  27:Core/Src/stm32g0xx_hal_msp.c **** /* Private typedef -----------------------------------------------------------*/
  28:Core/Src/stm32g0xx_hal_msp.c **** /* USER CODE BEGIN TD */
  29:Core/Src/stm32g0xx_hal_msp.c **** 
  30:Core/Src/stm32g0xx_hal_msp.c **** /* USER CODE END TD */
  31:Core/Src/stm32g0xx_hal_msp.c **** 
  32:Core/Src/stm32g0xx_hal_msp.c **** /* Private define ------------------------------------------------------------*/
ARM GAS  C:\Users\W_LINU~1\AppData\Local\Temp\cco4N9iT.s 			page 2


  33:Core/Src/stm32g0xx_hal_msp.c **** /* USER CODE BEGIN Define */
  34:Core/Src/stm32g0xx_hal_msp.c **** 
  35:Core/Src/stm32g0xx_hal_msp.c **** /* USER CODE END Define */
  36:Core/Src/stm32g0xx_hal_msp.c **** 
  37:Core/Src/stm32g0xx_hal_msp.c **** /* Private macro -------------------------------------------------------------*/
  38:Core/Src/stm32g0xx_hal_msp.c **** /* USER CODE BEGIN Macro */
  39:Core/Src/stm32g0xx_hal_msp.c **** 
  40:Core/Src/stm32g0xx_hal_msp.c **** /* USER CODE END Macro */
  41:Core/Src/stm32g0xx_hal_msp.c **** 
  42:Core/Src/stm32g0xx_hal_msp.c **** /* Private variables ---------------------------------------------------------*/
  43:Core/Src/stm32g0xx_hal_msp.c **** /* USER CODE BEGIN PV */
  44:Core/Src/stm32g0xx_hal_msp.c **** 
  45:Core/Src/stm32g0xx_hal_msp.c **** /* USER CODE END PV */
  46:Core/Src/stm32g0xx_hal_msp.c **** 
  47:Core/Src/stm32g0xx_hal_msp.c **** /* Private function prototypes -----------------------------------------------*/
  48:Core/Src/stm32g0xx_hal_msp.c **** /* USER CODE BEGIN PFP */
  49:Core/Src/stm32g0xx_hal_msp.c **** 
  50:Core/Src/stm32g0xx_hal_msp.c **** /* USER CODE END PFP */
  51:Core/Src/stm32g0xx_hal_msp.c **** 
  52:Core/Src/stm32g0xx_hal_msp.c **** /* External functions --------------------------------------------------------*/
  53:Core/Src/stm32g0xx_hal_msp.c **** /* USER CODE BEGIN ExternalFunctions */
  54:Core/Src/stm32g0xx_hal_msp.c **** 
  55:Core/Src/stm32g0xx_hal_msp.c **** /* USER CODE END ExternalFunctions */
  56:Core/Src/stm32g0xx_hal_msp.c **** 
  57:Core/Src/stm32g0xx_hal_msp.c **** /* USER CODE BEGIN 0 */
  58:Core/Src/stm32g0xx_hal_msp.c **** 
  59:Core/Src/stm32g0xx_hal_msp.c **** /* USER CODE END 0 */
  60:Core/Src/stm32g0xx_hal_msp.c **** /**
  61:Core/Src/stm32g0xx_hal_msp.c ****   * Initializes the Global MSP.
  62:Core/Src/stm32g0xx_hal_msp.c ****   */
  63:Core/Src/stm32g0xx_hal_msp.c **** void HAL_MspInit(void)
  64:Core/Src/stm32g0xx_hal_msp.c **** {
  27              		.loc 1 64 1 view -0
  28              		.cfi_startproc
  29              		@ args = 0, pretend = 0, frame = 8
  30              		@ frame_needed = 0, uses_anonymous_args = 0
  31              		@ link register save eliminated.
  32 0000 82B0     		sub	sp, sp, #8
  33              	.LCFI0:
  34              		.cfi_def_cfa_offset 8
  65:Core/Src/stm32g0xx_hal_msp.c ****   /* USER CODE BEGIN MspInit 0 */
  66:Core/Src/stm32g0xx_hal_msp.c **** 
  67:Core/Src/stm32g0xx_hal_msp.c ****   /* USER CODE END MspInit 0 */
  68:Core/Src/stm32g0xx_hal_msp.c **** 
  69:Core/Src/stm32g0xx_hal_msp.c ****   __HAL_RCC_SYSCFG_CLK_ENABLE();
  35              		.loc 1 69 3 view .LVU1
  36              	.LBB2:
  37              		.loc 1 69 3 view .LVU2
  38              		.loc 1 69 3 view .LVU3
  39 0002 0A4B     		ldr	r3, .L2
  40 0004 196C     		ldr	r1, [r3, #64]
  41 0006 0122     		movs	r2, #1
  42 0008 1143     		orrs	r1, r2
  43 000a 1964     		str	r1, [r3, #64]
  44              		.loc 1 69 3 view .LVU4
  45 000c 196C     		ldr	r1, [r3, #64]
  46 000e 0A40     		ands	r2, r1
ARM GAS  C:\Users\W_LINU~1\AppData\Local\Temp\cco4N9iT.s 			page 3


  47 0010 0092     		str	r2, [sp]
  48              		.loc 1 69 3 view .LVU5
  49 0012 009A     		ldr	r2, [sp]
  50              	.LBE2:
  51              		.loc 1 69 3 view .LVU6
  70:Core/Src/stm32g0xx_hal_msp.c ****   __HAL_RCC_PWR_CLK_ENABLE();
  52              		.loc 1 70 3 view .LVU7
  53              	.LBB3:
  54              		.loc 1 70 3 view .LVU8
  55              		.loc 1 70 3 view .LVU9
  56 0014 DA6B     		ldr	r2, [r3, #60]
  57 0016 8021     		movs	r1, #128
  58 0018 4905     		lsls	r1, r1, #21
  59 001a 0A43     		orrs	r2, r1
  60 001c DA63     		str	r2, [r3, #60]
  61              		.loc 1 70 3 view .LVU10
  62 001e DB6B     		ldr	r3, [r3, #60]
  63 0020 0B40     		ands	r3, r1
  64 0022 0193     		str	r3, [sp, #4]
  65              		.loc 1 70 3 view .LVU11
  66 0024 019B     		ldr	r3, [sp, #4]
  67              	.LBE3:
  68              		.loc 1 70 3 view .LVU12
  71:Core/Src/stm32g0xx_hal_msp.c **** 
  72:Core/Src/stm32g0xx_hal_msp.c ****   /* System interrupt init*/
  73:Core/Src/stm32g0xx_hal_msp.c **** 
  74:Core/Src/stm32g0xx_hal_msp.c ****   /* USER CODE BEGIN MspInit 1 */
  75:Core/Src/stm32g0xx_hal_msp.c **** 
  76:Core/Src/stm32g0xx_hal_msp.c ****   /* USER CODE END MspInit 1 */
  77:Core/Src/stm32g0xx_hal_msp.c **** }
  69              		.loc 1 77 1 is_stmt 0 view .LVU13
  70 0026 02B0     		add	sp, sp, #8
  71              		@ sp needed
  72 0028 7047     		bx	lr
  73              	.L3:
  74 002a C046     		.align	2
  75              	.L2:
  76 002c 00100240 		.word	1073876992
  77              		.cfi_endproc
  78              	.LFE290:
  80              		.text
  81              	.Letext0:
  82              		.file 2 "f:\\vscode-for-stm32\\gcc\\12.2-mpacbti-bet1\\arm-none-eabi\\include\\machine\\_default_t
  83              		.file 3 "f:\\vscode-for-stm32\\gcc\\12.2-mpacbti-bet1\\arm-none-eabi\\include\\sys\\_stdint.h"
  84              		.file 4 "Drivers/CMSIS/Device/ST/STM32G0xx/Include/stm32g030xx.h"
  85              		.file 5 "Drivers/STM32G0xx_HAL_Driver/Inc/stm32g0xx_ll_dma.h"
ARM GAS  C:\Users\W_LINU~1\AppData\Local\Temp\cco4N9iT.s 			page 4


DEFINED SYMBOLS
                            *ABS*:00000000 stm32g0xx_hal_msp.c
C:\Users\W_LINU~1\AppData\Local\Temp\cco4N9iT.s:19     .text.HAL_MspInit:00000000 $t
C:\Users\W_LINU~1\AppData\Local\Temp\cco4N9iT.s:25     .text.HAL_MspInit:00000000 HAL_MspInit
C:\Users\W_LINU~1\AppData\Local\Temp\cco4N9iT.s:76     .text.HAL_MspInit:0000002c $d

NO UNDEFINED SYMBOLS
